<?xml version="1.0" encoding="UTF-8"?>
<testsuite xmlns:xsi="http://www.w3.org/2001/XMLSchema-instance" xsi:noNamespaceSchemaLocation="https://maven.apache.org/surefire/maven-surefire-plugin/xsd/surefire-test-report-3.0.xsd" version="3.0" name="com.dantsu.escposprinter.ExampleUnitTest" time="0.795" tests="3" errors="0" skipped="0" failures="0">
  <properties>
[...]
</properties>
  <testcase name="t01" classname="com.dantsu.escposprinter.ExampleUnitTest" time="0.285"/>
  <testcase name="t02" classname="com.dantsu.escposprinter.ExampleUnitTest" time="0.465">
    <system-out><![CDATA[G0AbdAAdIQAbRwAbLQAbRQAbcgAdQgAbdAAbRQFCRUFVVElGVUwgU0hJUlQg1tDOxBt0ABtFABt0ACAgICAgICAbdAA5Ljk5ZQobdAAgICsgU2l6ZSA6IFMbdAAgICAgICAgICAgICAgICAgICAgIAobSqAdVgE=
]]></system-out>
  </testcase>
  <testcase name="addition_isCorrect" classname="com.dantsu.escposprinter.ExampleUnitTest" time="0"/>
</testsuite>